<?xml version="1.0" encoding="UTF-8"?>
<testng-results ignored="0" total="8" passed="6" failed="2" skipped="0">
  <reporter-output>
  </reporter-output>
  <suite started-at="2024-03-05T05:30:14 PST" name="Default suite" finished-at="2024-03-05T05:31:41 PST" duration-ms="87655">
    <groups>
    </groups>
    <test started-at="2024-03-05T05:30:14 PST" name="Default test" finished-at="2024-03-05T05:31:41 PST" duration-ms="87655">
      <class name="com.ecommerce.testcases.HomePageTest">
        <test-method is-config="true" signature="setUp()[pri:0, instance:com.ecommerce.testcases.HomePageTest@2a7f1f10]" started-at="2024-03-05T05:30:14 PST" name="setUp" finished-at="2024-03-05T05:30:24 PST" duration-ms="10525" status="PASS">
          <reporter-output>
          </reporter-output>
        </test-method> <!-- setUp -->
        <test-method signature="ValidatePageTitleTest()[pri:2, instance:com.ecommerce.testcases.HomePageTest@2a7f1f10]" started-at="2024-03-05T05:30:24 PST" name="ValidatePageTitleTest" finished-at="2024-03-05T05:30:24 PST" duration-ms="134" status="PASS">
          <reporter-output>
          </reporter-output>
        </test-method> <!-- ValidatePageTitleTest -->
        <test-method is-config="true" signature="tearDown()[pri:0, instance:com.ecommerce.testcases.HomePageTest@2a7f1f10]" started-at="2024-03-05T05:30:24 PST" name="tearDown" finished-at="2024-03-05T05:30:25 PST" duration-ms="726" status="PASS">
          <reporter-output>
          </reporter-output>
        </test-method> <!-- tearDown -->
        <test-method is-config="true" signature="setUp()[pri:0, instance:com.ecommerce.testcases.HomePageTest@2a7f1f10]" started-at="2024-03-05T05:30:25 PST" name="setUp" finished-at="2024-03-05T05:30:33 PST" duration-ms="7718" status="PASS">
          <reporter-output>
          </reporter-output>
        </test-method> <!-- setUp -->
        <test-method signature="verifyyogacollectionTest()[pri:3, instance:com.ecommerce.testcases.HomePageTest@2a7f1f10]" started-at="2024-03-05T05:30:33 PST" name="verifyyogacollectionTest" finished-at="2024-03-05T05:30:36 PST" duration-ms="3537" status="PASS">
          <reporter-output>
          </reporter-output>
        </test-method> <!-- verifyyogacollectionTest -->
        <test-method is-config="true" signature="tearDown()[pri:0, instance:com.ecommerce.testcases.HomePageTest@2a7f1f10]" started-at="2024-03-05T05:30:36 PST" name="tearDown" finished-at="2024-03-05T05:30:37 PST" duration-ms="327" status="PASS">
          <reporter-output>
          </reporter-output>
        </test-method> <!-- tearDown -->
        <test-method is-config="true" signature="setUp()[pri:0, instance:com.ecommerce.testcases.HomePageTest@2a7f1f10]" started-at="2024-03-05T05:30:37 PST" name="setUp" finished-at="2024-03-05T05:30:44 PST" duration-ms="6985" status="PASS">
          <reporter-output>
          </reporter-output>
        </test-method> <!-- setUp -->
        <test-method signature="verifyWishListTest()[pri:4, instance:com.ecommerce.testcases.HomePageTest@2a7f1f10]" started-at="2024-03-05T05:30:44 PST" name="verifyWishListTest" finished-at="2024-03-05T05:30:46 PST" duration-ms="2023" status="PASS">
          <reporter-output>
          </reporter-output>
        </test-method> <!-- verifyWishListTest -->
        <test-method is-config="true" signature="tearDown()[pri:0, instance:com.ecommerce.testcases.HomePageTest@2a7f1f10]" started-at="2024-03-05T05:30:46 PST" name="tearDown" finished-at="2024-03-05T05:30:46 PST" duration-ms="231" status="PASS">
          <reporter-output>
          </reporter-output>
        </test-method> <!-- tearDown -->
        <test-method is-config="true" signature="setUp()[pri:0, instance:com.ecommerce.testcases.HomePageTest@2a7f1f10]" started-at="2024-03-05T05:30:46 PST" name="setUp" finished-at="2024-03-05T05:30:55 PST" duration-ms="9266" status="PASS">
          <reporter-output>
          </reporter-output>
        </test-method> <!-- setUp -->
        <test-method signature="VerifyAccountHolderNameTest()[pri:5, instance:com.ecommerce.testcases.HomePageTest@2a7f1f10]" started-at="2024-03-05T05:30:55 PST" name="VerifyAccountHolderNameTest" finished-at="2024-03-05T05:30:56 PST" duration-ms="990" status="FAIL">
          <exception class="java.lang.AssertionError">
            <message>
              <![CDATA[Name is not matched ! expected [Welcome, damini pophali!] but found [Welcome, Tester1 Tester2!]]]>
            </message>
            <full-stacktrace>
              <![CDATA[java.lang.AssertionError: Name is not matched ! expected [Welcome, damini pophali!] but found [Welcome, Tester1 Tester2!]
at org.testng.Assert.fail(Assert.java:111)
at org.testng.Assert.failNotEquals(Assert.java:1578)
at org.testng.Assert.assertEqualsImpl(Assert.java:150)
at org.testng.Assert.assertEquals(Assert.java:132)
at org.testng.Assert.assertEquals(Assert.java:656)
at com.ecommerce.testcases.HomePageTest.VerifyAccountHolderNameTest(HomePageTest.java:86)
at java.base/jdk.internal.reflect.NativeMethodAccessorImpl.invoke0(Native Method)
at java.base/jdk.internal.reflect.NativeMethodAccessorImpl.invoke(NativeMethodAccessorImpl.java:77)
at java.base/jdk.internal.reflect.DelegatingMethodAccessorImpl.invoke(DelegatingMethodAccessorImpl.java:43)
at java.base/java.lang.reflect.Method.invoke(Method.java:568)
at org.testng.internal.invokers.MethodInvocationHelper.invokeMethod(MethodInvocationHelper.java:139)
at org.testng.internal.invokers.TestInvoker.invokeMethod(TestInvoker.java:664)
at org.testng.internal.invokers.TestInvoker.invokeTestMethod(TestInvoker.java:227)
at org.testng.internal.invokers.MethodRunner.runInSequence(MethodRunner.java:50)
at org.testng.internal.invokers.TestInvoker$MethodInvocationAgent.invoke(TestInvoker.java:957)
at org.testng.internal.invokers.TestInvoker.invokeTestMethods(TestInvoker.java:200)
at org.testng.internal.invokers.TestMethodWorker.invokeTestMethods(TestMethodWorker.java:148)
at org.testng.internal.invokers.TestMethodWorker.run(TestMethodWorker.java:128)
at java.base/java.util.ArrayList.forEach(ArrayList.java:1511)
at org.testng.TestRunner.privateRun(TestRunner.java:848)
at org.testng.TestRunner.run(TestRunner.java:621)
at org.testng.SuiteRunner.runTest(SuiteRunner.java:443)
at org.testng.SuiteRunner.runSequentially(SuiteRunner.java:437)
at org.testng.SuiteRunner.privateRun(SuiteRunner.java:397)
at org.testng.SuiteRunner.run(SuiteRunner.java:336)
at org.testng.SuiteRunnerWorker.runSuite(SuiteRunnerWorker.java:52)
at org.testng.SuiteRunnerWorker.run(SuiteRunnerWorker.java:95)
at org.testng.TestNG.runSuitesSequentially(TestNG.java:1280)
at org.testng.TestNG.runSuitesLocally(TestNG.java:1200)
at org.testng.TestNG.runSuites(TestNG.java:1114)
at org.testng.TestNG.run(TestNG.java:1082)
at org.testng.remote.AbstractRemoteTestNG.run(AbstractRemoteTestNG.java:115)
at org.testng.remote.RemoteTestNG.initAndRun(RemoteTestNG.java:251)
at org.testng.remote.RemoteTestNG.main(RemoteTestNG.java:77)
]]>
            </full-stacktrace>
          </exception> <!-- java.lang.AssertionError -->
          <reporter-output>
          </reporter-output>
        </test-method> <!-- VerifyAccountHolderNameTest -->
        <test-method is-config="true" signature="tearDown()[pri:0, instance:com.ecommerce.testcases.HomePageTest@2a7f1f10]" started-at="2024-03-05T05:30:56 PST" name="tearDown" finished-at="2024-03-05T05:30:57 PST" duration-ms="240" status="PASS">
          <reporter-output>
          </reporter-output>
        </test-method> <!-- tearDown -->
        <test-method is-config="true" signature="setUp()[pri:0, instance:com.ecommerce.testcases.HomePageTest@2a7f1f10]" started-at="2024-03-05T05:30:57 PST" name="setUp" finished-at="2024-03-05T05:31:05 PST" duration-ms="8383" status="PASS">
          <reporter-output>
          </reporter-output>
        </test-method> <!-- setUp -->
        <test-method signature="VerifyClickOnMyAccount()[pri:6, instance:com.ecommerce.testcases.HomePageTest@2a7f1f10]" started-at="2024-03-05T05:31:05 PST" name="VerifyClickOnMyAccount" finished-at="2024-03-05T05:31:07 PST" duration-ms="1657" status="FAIL">
          <exception class="java.lang.AssertionError">
            <message>
              <![CDATA[Title not matched expected [My Account Magento Commerce - website to practice selenium | demo website for automation testing | selenium practice sites] but found [My Account]]]>
            </message>
            <full-stacktrace>
              <![CDATA[java.lang.AssertionError: Title not matched expected [My Account Magento Commerce - website to practice selenium | demo website for automation testing | selenium practice sites] but found [My Account]
at org.testng.Assert.fail(Assert.java:111)
at org.testng.Assert.failNotEquals(Assert.java:1578)
at org.testng.Assert.assertEqualsImpl(Assert.java:150)
at org.testng.Assert.assertEquals(Assert.java:132)
at org.testng.Assert.assertEquals(Assert.java:656)
at com.ecommerce.testcases.HomePageTest.VerifyClickOnMyAccount(HomePageTest.java:99)
at java.base/jdk.internal.reflect.NativeMethodAccessorImpl.invoke0(Native Method)
at java.base/jdk.internal.reflect.NativeMethodAccessorImpl.invoke(NativeMethodAccessorImpl.java:77)
at java.base/jdk.internal.reflect.DelegatingMethodAccessorImpl.invoke(DelegatingMethodAccessorImpl.java:43)
at java.base/java.lang.reflect.Method.invoke(Method.java:568)
at org.testng.internal.invokers.MethodInvocationHelper.invokeMethod(MethodInvocationHelper.java:139)
at org.testng.internal.invokers.TestInvoker.invokeMethod(TestInvoker.java:664)
at org.testng.internal.invokers.TestInvoker.invokeTestMethod(TestInvoker.java:227)
at org.testng.internal.invokers.MethodRunner.runInSequence(MethodRunner.java:50)
at org.testng.internal.invokers.TestInvoker$MethodInvocationAgent.invoke(TestInvoker.java:957)
at org.testng.internal.invokers.TestInvoker.invokeTestMethods(TestInvoker.java:200)
at org.testng.internal.invokers.TestMethodWorker.invokeTestMethods(TestMethodWorker.java:148)
at org.testng.internal.invokers.TestMethodWorker.run(TestMethodWorker.java:128)
at java.base/java.util.ArrayList.forEach(ArrayList.java:1511)
at org.testng.TestRunner.privateRun(TestRunner.java:848)
at org.testng.TestRunner.run(TestRunner.java:621)
at org.testng.SuiteRunner.runTest(SuiteRunner.java:443)
at org.testng.SuiteRunner.runSequentially(SuiteRunner.java:437)
at org.testng.SuiteRunner.privateRun(SuiteRunner.java:397)
at org.testng.SuiteRunner.run(SuiteRunner.java:336)
at org.testng.SuiteRunnerWorker.runSuite(SuiteRunnerWorker.java:52)
at org.testng.SuiteRunnerWorker.run(SuiteRunnerWorker.java:95)
at org.testng.TestNG.runSuitesSequentially(TestNG.java:1280)
at org.testng.TestNG.runSuitesLocally(TestNG.java:1200)
at org.testng.TestNG.runSuites(TestNG.java:1114)
at org.testng.TestNG.run(TestNG.java:1082)
at org.testng.remote.AbstractRemoteTestNG.run(AbstractRemoteTestNG.java:115)
at org.testng.remote.RemoteTestNG.initAndRun(RemoteTestNG.java:251)
at org.testng.remote.RemoteTestNG.main(RemoteTestNG.java:77)
]]>
            </full-stacktrace>
          </exception> <!-- java.lang.AssertionError -->
          <reporter-output>
          </reporter-output>
        </test-method> <!-- VerifyClickOnMyAccount -->
        <test-method is-config="true" signature="tearDown()[pri:0, instance:com.ecommerce.testcases.HomePageTest@2a7f1f10]" started-at="2024-03-05T05:31:07 PST" name="tearDown" finished-at="2024-03-05T05:31:07 PST" duration-ms="344" status="PASS">
          <reporter-output>
          </reporter-output>
        </test-method> <!-- tearDown -->
        <test-method is-config="true" signature="setUp()[pri:0, instance:com.ecommerce.testcases.HomePageTest@2a7f1f10]" started-at="2024-03-05T05:31:07 PST" name="setUp" finished-at="2024-03-05T05:31:18 PST" duration-ms="10711" status="PASS">
          <reporter-output>
          </reporter-output>
        </test-method> <!-- setUp -->
        <test-method signature="clickOnGearPageTest()[pri:7, instance:com.ecommerce.testcases.HomePageTest@2a7f1f10]" started-at="2024-03-05T05:31:18 PST" name="clickOnGearPageTest" finished-at="2024-03-05T05:31:20 PST" duration-ms="2060" status="PASS">
          <reporter-output>
          </reporter-output>
        </test-method> <!-- clickOnGearPageTest -->
        <test-method is-config="true" signature="tearDown()[pri:0, instance:com.ecommerce.testcases.HomePageTest@2a7f1f10]" started-at="2024-03-05T05:31:20 PST" name="tearDown" finished-at="2024-03-05T05:31:20 PST" duration-ms="285" status="PASS">
          <reporter-output>
          </reporter-output>
        </test-method> <!-- tearDown -->
        <test-method is-config="true" signature="setUp()[pri:0, instance:com.ecommerce.testcases.HomePageTest@2a7f1f10]" started-at="2024-03-05T05:31:20 PST" name="setUp" finished-at="2024-03-05T05:31:28 PST" duration-ms="7893" status="PASS">
          <reporter-output>
          </reporter-output>
        </test-method> <!-- setUp -->
        <test-method signature="CartIconTest()[pri:8, instance:com.ecommerce.testcases.HomePageTest@2a7f1f10]" started-at="2024-03-05T05:31:28 PST" name="CartIconTest" finished-at="2024-03-05T05:31:28 PST" duration-ms="289" status="PASS">
          <reporter-output>
          </reporter-output>
        </test-method> <!-- CartIconTest -->
        <test-method is-config="true" signature="tearDown()[pri:0, instance:com.ecommerce.testcases.HomePageTest@2a7f1f10]" started-at="2024-03-05T05:31:28 PST" name="tearDown" finished-at="2024-03-05T05:31:28 PST" duration-ms="211" status="PASS">
          <reporter-output>
          </reporter-output>
        </test-method> <!-- tearDown -->
        <test-method is-config="true" signature="setUp()[pri:0, instance:com.ecommerce.testcases.HomePageTest@2a7f1f10]" started-at="2024-03-05T05:31:28 PST" name="setUp" finished-at="2024-03-05T05:31:38 PST" duration-ms="9681" status="PASS">
          <reporter-output>
          </reporter-output>
        </test-method> <!-- setUp -->
        <test-method signature="verifysearchProductTest()[pri:9, instance:com.ecommerce.testcases.HomePageTest@2a7f1f10]" started-at="2024-03-05T05:31:38 PST" name="verifysearchProductTest" finished-at="2024-03-05T05:31:41 PST" duration-ms="3038" status="PASS">
          <reporter-output>
          </reporter-output>
        </test-method> <!-- verifysearchProductTest -->
        <test-method is-config="true" signature="tearDown()[pri:0, instance:com.ecommerce.testcases.HomePageTest@2a7f1f10]" started-at="2024-03-05T05:31:41 PST" name="tearDown" finished-at="2024-03-05T05:31:41 PST" duration-ms="292" status="PASS">
          <reporter-output>
          </reporter-output>
        </test-method> <!-- tearDown -->
      </class> <!-- com.ecommerce.testcases.HomePageTest -->
    </test> <!-- Default test -->
  </suite> <!-- Default suite -->
</testng-results>
