<?xml version="1.0" encoding="UTF-8"?>
<!-- Generated by org.testng.reporters.JUnitXMLReporter -->
<testsuite ignored="8" hostname="DESKTOP-R3D6RJV" failures="0" tests="1" name="Test" time="15.008" errors="0" timestamp="2024-03-05T05:19:50 PST">
  <testcase classname="com.ecommerce.testcases.HomePageTest" name="verifysearchProductTest" time="3.611"/>
  <testcase classname="com.ecommerce.testcases.HomePageTest" name="verifyyogacollectionTest" time="0.0">
    <ignored/>
  </testcase> <!-- verifyyogacollectionTest -->
  <testcase classname="com.ecommerce.testcases.HomePageTest" name="VerifyClickOnMyAccount" time="0.0">
    <ignored/>
  </testcase> <!-- VerifyClickOnMyAccount -->
  <testcase classname="com.ecommerce.testcases.HomePageTest" name="clickOnGearPageTest" time="0.0">
    <ignored/>
  </testcase> <!-- clickOnGearPageTest -->
  <testcase classname="com.ecommerce.testcases.HomePageTest" name="VerifyAccountHolderNameTest" time="0.0">
    <ignored/>
  </testcase> <!-- VerifyAccountHolderNameTest -->
  <testcase classname="com.ecommerce.testcases.HomePageTest" name="ValidatePageTitleTest" time="0.0">
    <ignored/>
  </testcase> <!-- ValidatePageTitleTest -->
  <testcase classname="com.ecommerce.testcases.HomePageTest" name="CartIconTest" time="0.0">
    <ignored/>
  </testcase> <!-- CartIconTest -->
  <testcase classname="com.ecommerce.testcases.HomePageTest" name="isNameDisplayedTest" time="0.0">
    <ignored/>
  </testcase> <!-- isNameDisplayedTest -->
  <testcase classname="com.ecommerce.testcases.HomePageTest" name="verifyWishListTest" time="0.0">
    <ignored/>
  </testcase> <!-- verifyWishListTest -->
</testsuite> <!-- Test -->
